<?xml version="1.0" encoding="UTF-8"?>
<coverage generated="1737835467022" clover="3.2.0">
  <project timestamp="1737835467022" name="All files">
    <metrics statements="4" coveredstatements="4" conditionals="2" coveredconditionals="1" methods="2" coveredmethods="2" elements="8" coveredelements="7" complexity="0" loc="4" ncloc="4" packages="1" files="2" classes="2"/>
    <file name="subtract.js" path="D:\Desktop\MERN-Stack-Development\Swiggy_App\src\components\subtract.js">
      <metrics statements="2" coveredstatements="2" conditionals="2" coveredconditionals="1" methods="1" coveredmethods="1"/>
      <line num="1" count="1" type="stmt"/>
      <line num="2" count="1" type="cond" truecount="1" falsecount="1"/>
    </file>
    <file name="sum.js" path="D:\Desktop\MERN-Stack-Development\Swiggy_App\src\components\sum.js">
      <metrics statements="2" coveredstatements="2" conditionals="0" coveredconditionals="0" methods="1" coveredmethods="1"/>
      <line num="1" count="1" type="stmt"/>
      <line num="2" count="1" type="stmt"/>
    </file>
  </project>
</coverage>
