{"D:\\Desktop\\MERN-Stack-Development\\Swiggy_App\\src\\components\\subtract.js": {"path":"D:\\Desktop\\MERN-Stack-Development\\Swiggy_App\\src\\components\\subtract.js","statementMap":{"0":{"start":{"line":1,"column":24},"end":{"line":3,"column":1}},"1":{"start":{"line":2,"column":4},"end":{"line":2,"column":27}}},"fnMap":{"0":{"name":"(anonymous_0)","decl":{"start":{"line":1,"column":24},"end":{"line":1,"column":25}},"loc":{"start":{"line":1,"column":34},"end":{"line":3,"column":1}},"line":1}},"branchMap":{"0":{"loc":{"start":{"line":2,"column":11},"end":{"line":2,"column":26}},"type":"cond-expr","locations":[{"start":{"line":2,"column":16},"end":{"line":2,"column":19}},{"start":{"line":2,"column":22},"end":{"line":2,"column":25}}],"line":2}},"s":{"0":1,"1":1},"f":{"0":1},"b":{"0":[1,0]},"_coverageSchema":"1a1c01bbd47fc00a2c39e90264f33305004495a9","hash":"19ac56d5a69d62684e7dcdd60641e86a3ec8056e"}
,"D:\\Desktop\\MERN-Stack-Development\\Swiggy_App\\src\\components\\sum.js": {"path":"D:\\Desktop\\MERN-Stack-Development\\Swiggy_App\\src\\components\\sum.js","statementMap":{"0":{"start":{"line":1,"column":22},"end":{"line":3,"column":1}},"1":{"start":{"line":2,"column":4},"end":{"line":2,"column":16}}},"fnMap":{"0":{"name":"(anonymous_0)","decl":{"start":{"line":1,"column":22},"end":{"line":1,"column":23}},"loc":{"start":{"line":1,"column":27},"end":{"line":3,"column":1}},"line":1}},"branchMap":{},"s":{"0":1,"1":1},"f":{"0":1},"b":{},"_coverageSchema":"1a1c01bbd47fc00a2c39e90264f33305004495a9","hash":"5d5d951dfb909e0be485b227641ff89d0ab4e931"}
}
